<?xml version="1.0" encoding="UTF-8"?>
<testsuite xmlns:xsi="http://www.w3.org/2001/XMLSchema-instance" xsi:noNamespaceSchemaLocation="https://maven.apache.org/surefire/maven-surefire-plugin/xsd/surefire-test-report.xsd" name="ThreeSmallMethodsTest" time="0.131" tests="14" errors="0" skipped="0" failures="9">
  <properties>
    <property name="java.specification.version" value="22"/>
    <property name="sun.cpu.isalist" value="amd64"/>
    <property name="sun.jnu.encoding" value="Cp1252"/>
    <property name="java.class.path" value="C:\Users\ADMIN\Documents\SaltCourseProjects\Assignment\HellWeek\jfs-2024-09-06-three-small-methods-TibbersEvolved\target\test-classes;C:\Users\ADMIN\Documents\SaltCourseProjects\Assignment\HellWeek\jfs-2024-09-06-three-small-methods-TibbersEvolved\target\classes;C:\Users\ADMIN\.m2\repository\org\junit\jupiter\junit-jupiter-api\5.8.2\junit-jupiter-api-5.8.2.jar;C:\Users\ADMIN\.m2\repository\org\opentest4j\opentest4j\1.2.0\opentest4j-1.2.0.jar;C:\Users\ADMIN\.m2\repository\org\junit\platform\junit-platform-commons\1.8.2\junit-platform-commons-1.8.2.jar;C:\Users\ADMIN\.m2\repository\org\apiguardian\apiguardian-api\1.1.2\apiguardian-api-1.1.2.jar;C:\Users\ADMIN\.m2\repository\org\junit\jupiter\junit-jupiter-params\5.8.1\junit-jupiter-params-5.8.1.jar;C:\Users\ADMIN\.m2\repository\org\junit\jupiter\junit-jupiter-engine\5.8.2\junit-jupiter-engine-5.8.2.jar;C:\Users\ADMIN\.m2\repository\org\junit\platform\junit-platform-engine\1.8.2\junit-platform-engine-1.8.2.jar;"/>
    <property name="java.vm.vendor" value="Oracle Corporation"/>
    <property name="sun.arch.data.model" value="64"/>
    <property name="user.variant" value=""/>
    <property name="java.vendor.url" value="https://java.oracle.com/"/>
    <property name="user.timezone" value="Europe/Stockholm"/>
    <property name="os.name" value="Windows 11"/>
    <property name="java.vm.specification.version" value="22"/>
    <property name="sun.java.launcher" value="SUN_STANDARD"/>
    <property name="user.country" value="SE"/>
    <property name="sun.boot.library.path" value="C:\Users\ADMIN\.jdks\openjdk-22.0.1\bin"/>
    <property name="sun.java.command" value="C:\Users\ADMIN\AppData\Local\Temp\surefire5586659586819192515\surefirebooter6189248391048376380.jar C:\Users\ADMIN\AppData\Local\Temp\surefire5586659586819192515 2024-09-13T22-09-07_686-jvmRun1 surefire767392886834249178tmp surefire_0539752400526346651tmp"/>
    <property name="jdk.debug" value="release"/>
    <property name="surefire.test.class.path" value="C:\Users\ADMIN\Documents\SaltCourseProjects\Assignment\HellWeek\jfs-2024-09-06-three-small-methods-TibbersEvolved\target\test-classes;C:\Users\ADMIN\Documents\SaltCourseProjects\Assignment\HellWeek\jfs-2024-09-06-three-small-methods-TibbersEvolved\target\classes;C:\Users\ADMIN\.m2\repository\org\junit\jupiter\junit-jupiter-api\5.8.2\junit-jupiter-api-5.8.2.jar;C:\Users\ADMIN\.m2\repository\org\opentest4j\opentest4j\1.2.0\opentest4j-1.2.0.jar;C:\Users\ADMIN\.m2\repository\org\junit\platform\junit-platform-commons\1.8.2\junit-platform-commons-1.8.2.jar;C:\Users\ADMIN\.m2\repository\org\apiguardian\apiguardian-api\1.1.2\apiguardian-api-1.1.2.jar;C:\Users\ADMIN\.m2\repository\org\junit\jupiter\junit-jupiter-params\5.8.1\junit-jupiter-params-5.8.1.jar;C:\Users\ADMIN\.m2\repository\org\junit\jupiter\junit-jupiter-engine\5.8.2\junit-jupiter-engine-5.8.2.jar;C:\Users\ADMIN\.m2\repository\org\junit\platform\junit-platform-engine\1.8.2\junit-platform-engine-1.8.2.jar;"/>
    <property name="sun.cpu.endian" value="little"/>
    <property name="user.home" value="C:\Users\ADMIN"/>
    <property name="user.language" value="sv"/>
    <property name="java.specification.vendor" value="Oracle Corporation"/>
    <property name="java.version.date" value="2024-04-16"/>
    <property name="java.home" value="C:\Users\ADMIN\.jdks\openjdk-22.0.1"/>
    <property name="file.separator" value="\"/>
    <property name="basedir" value="C:\Users\ADMIN\Documents\SaltCourseProjects\Assignment\HellWeek\jfs-2024-09-06-three-small-methods-TibbersEvolved"/>
    <property name="java.vm.compressedOopsMode" value="Zero based"/>
    <property name="line.separator" value="&#10;"/>
    <property name="java.vm.specification.vendor" value="Oracle Corporation"/>
    <property name="java.specification.name" value="Java Platform API Specification"/>
    <property name="surefire.real.class.path" value="C:\Users\ADMIN\AppData\Local\Temp\surefire5586659586819192515\surefirebooter6189248391048376380.jar"/>
    <property name="user.script" value=""/>
    <property name="sun.management.compiler" value="HotSpot 64-Bit Tiered Compilers"/>
    <property name="java.runtime.version" value="22.0.1+8-16"/>
    <property name="user.name" value="ADMIN"/>
    <property name="stdout.encoding" value="Cp1252"/>
    <property name="path.separator" value=";"/>
    <property name="os.version" value="10.0"/>
    <property name="java.runtime.name" value="OpenJDK Runtime Environment"/>
    <property name="file.encoding" value="UTF-8"/>
    <property name="java.vm.name" value="OpenJDK 64-Bit Server VM"/>
    <property name="localRepository" value="C:\Users\ADMIN\.m2\repository"/>
    <property name="java.vendor.url.bug" value="https://bugreport.java.com/bugreport/"/>
    <property name="java.io.tmpdir" value="C:\Users\ADMIN\AppData\Local\Temp\"/>
    <property name="java.version" value="22.0.1"/>
    <property name="user.dir" value="C:\Users\ADMIN\Documents\SaltCourseProjects\Assignment\HellWeek\jfs-2024-09-06-three-small-methods-TibbersEvolved"/>
    <property name="os.arch" value="amd64"/>
    <property name="java.vm.specification.name" value="Java Virtual Machine Specification"/>
    <property name="sun.os.patch.level" value=""/>
    <property name="native.encoding" value="Cp1252"/>
    <property name="java.library.path" value="C:\Users\ADMIN\.jdks\openjdk-22.0.1\bin;C:\WINDOWS\Sun\Java\bin;C:\WINDOWS\system32;C:\WINDOWS;C:\Users\ADMIN\.jdks\openjdk-22.0.1\bin;C:\Program Files\Common Files\Oracle\Java\javapath;C:\Program Files\Microsoft\jdk-11.0.16.101-hotspot\bin;C:\WINDOWS\system32;C:\WINDOWS;C:\WINDOWS\System32\Wbem;C:\WINDOWS\System32\WindowsPowerShell\v1.0\;C:\WINDOWS\System32\OpenSSH\;C:\Program Files\dotnet\;c:\Users\ADMIN\AppData\Local\Programs\cursor\resources\app\bin;C:\Program Files\Git\cmd;C:\Program Files\Docker\Docker\resources\bin;C:\Program Files\JetBrains\IntelliJ IDEA 2024.1.2\plugins\maven\lib\maven3\bin;C:\Program Files\nodejs\;C:\Users\ADMIN\.jdks\openjdk-22.0.1\bin;C:\Program Files\Common Files\Oracle\Java\javapath;C:\Program Files\Microsoft\jdk-11.0.16.101-hotspot\bin;C:\WINDOWS\system32;C:\WINDOWS;C:\WINDOWS\System32\Wbem;C:\WINDOWS\System32\WindowsPowerShell\v1.0\;C:\WINDOWS\System32\OpenSSH\;C:\Program Files\dotnet\;c:\Users\ADMIN\AppData\Local\Programs\cursor\resources\app\bin;C:\Program Files\Git\cmd;C:\Program Files\Docker\Docker\resources\bin;C:\Program Files\JetBrains\IntelliJ IDEA 2024.1.2\plugins\maven\lib\maven3\bin;C:\Program Files\nodejs\;C:\Program Files\JetBrains\IntelliJ IDEA 2024.1.2\bin;C:\Users\ADMIN\AppData\Local\Programs\Microsoft VS Code\bin;C:\Users\ADMIN\AppData\Roaming\npm;."/>
    <property name="java.vm.info" value="mixed mode, sharing"/>
    <property name="stderr.encoding" value="Cp1252"/>
    <property name="java.vendor" value="Oracle Corporation"/>
    <property name="java.vm.version" value="22.0.1+8-16"/>
    <property name="sun.io.unicode.encoding" value="UnicodeLittle"/>
    <property name="java.class.version" value="66.0"/>
  </properties>
  <testcase name="firstTwoDigitIntegerShouldhandleNegativeNumbers" classname="ThreeSmallMethodsTest" time="0.041">
    <failure message="expected: &lt;-17&gt; but was: &lt;-1&gt;" type="org.opentest4j.AssertionFailedError"><![CDATA[org.opentest4j.AssertionFailedError: expected: <-17> but was: <-1>
	at ThreeSmallMethodsTest.firstTwoDigitIntegerShouldhandleNegativeNumbers(ThreeSmallMethodsTest.java:81)
]]></failure>
  </testcase>
  <testcase name="isYoungShouldEvaluate1AsYoung" classname="ThreeSmallMethodsTest" time="0.001">
    <failure message="expected: &lt;true&gt; but was: &lt;false&gt;" type="org.opentest4j.AssertionFailedError"><![CDATA[org.opentest4j.AssertionFailedError: expected: <true> but was: <false>
	at ThreeSmallMethodsTest.isYoungShouldEvaluate1AsYoung(ThreeSmallMethodsTest.java:25)
]]></failure>
  </testcase>
  <testcase name="firstTwoDigitIntegerShouldBe12" classname="ThreeSmallMethodsTest" time="0.001">
    <failure message="expected: &lt;12&gt; but was: &lt;-1&gt;" type="org.opentest4j.AssertionFailedError"><![CDATA[org.opentest4j.AssertionFailedError: expected: <12> but was: <-1>
	at ThreeSmallMethodsTest.firstTwoDigitIntegerShouldBe12(ThreeSmallMethodsTest.java:63)
]]></failure>
  </testcase>
  <testcase name="firstTwoDigitIntegerShouldBe15" classname="ThreeSmallMethodsTest" time="0">
    <failure message="expected: &lt;15&gt; but was: &lt;-1&gt;" type="org.opentest4j.AssertionFailedError"><![CDATA[org.opentest4j.AssertionFailedError: expected: <15> but was: <-1>
	at ThreeSmallMethodsTest.firstTwoDigitIntegerShouldBe15(ThreeSmallMethodsTest.java:56)
]]></failure>
  </testcase>
  <testcase name="hasLegalGenderManInSwedenShouldEvaluateToMale{String}[1]" classname="ThreeSmallMethodsTest" time="0.027">
    <failure message="expected: &lt;true&gt; but was: &lt;false&gt;" type="org.opentest4j.AssertionFailedError"><![CDATA[org.opentest4j.AssertionFailedError: expected: <true> but was: <false>
	at ThreeSmallMethodsTest.hasLegalGenderManInSwedenShouldEvaluateToMale(ThreeSmallMethodsTest.java:50)
]]></failure>
  </testcase>
  <testcase name="hasLegalGenderManInSwedenShouldEvaluateToMale{String}[2]" classname="ThreeSmallMethodsTest" time="0.002">
    <failure message="expected: &lt;true&gt; but was: &lt;false&gt;" type="org.opentest4j.AssertionFailedError"><![CDATA[org.opentest4j.AssertionFailedError: expected: <true> but was: <false>
	at ThreeSmallMethodsTest.hasLegalGenderManInSwedenShouldEvaluateToMale(ThreeSmallMethodsTest.java:50)
]]></failure>
  </testcase>
  <testcase name="hasLegalGenderManInSwedenShouldEvaluateToMale{String}[3]" classname="ThreeSmallMethodsTest" time="0.001">
    <failure message="expected: &lt;true&gt; but was: &lt;false&gt;" type="org.opentest4j.AssertionFailedError"><![CDATA[org.opentest4j.AssertionFailedError: expected: <true> but was: <false>
	at ThreeSmallMethodsTest.hasLegalGenderManInSwedenShouldEvaluateToMale(ThreeSmallMethodsTest.java:50)
]]></failure>
  </testcase>
  <testcase name="isYoungShouldEvaluate99AsOld" classname="ThreeSmallMethodsTest" time="0.001"/>
  <testcase name="hasLegalGenderManInSwedenShouldEvaluateToFemale{String}[1]" classname="ThreeSmallMethodsTest" time="0.001"/>
  <testcase name="hasLegalGenderManInSwedenShouldEvaluateToFemale{String}[2]" classname="ThreeSmallMethodsTest" time="0.001"/>
  <testcase name="hasLegalGenderManInSwedenShouldEvaluateToFemale{String}[3]" classname="ThreeSmallMethodsTest" time="0.001"/>
  <testcase name="isYoungShouldEvaluate30AsYoung" classname="ThreeSmallMethodsTest" time="0.002">
    <failure message="expected: &lt;true&gt; but was: &lt;false&gt;" type="org.opentest4j.AssertionFailedError"><![CDATA[org.opentest4j.AssertionFailedError: expected: <true> but was: <false>
	at ThreeSmallMethodsTest.isYoungShouldEvaluate30AsYoung(ThreeSmallMethodsTest.java:13)
]]></failure>
  </testcase>
  <testcase name="firstTwoDigitIntegerShouldBeMinus1WhenThereAreNone" classname="ThreeSmallMethodsTest" time="0.002"/>
  <testcase name="firstTwoDigitIntegerShouldSkip3DigitNumbers" classname="ThreeSmallMethodsTest" time="0.001">
    <failure message="expected: &lt;12&gt; but was: &lt;-1&gt;" type="org.opentest4j.AssertionFailedError"><![CDATA[org.opentest4j.AssertionFailedError: expected: <12> but was: <-1>
	at ThreeSmallMethodsTest.firstTwoDigitIntegerShouldSkip3DigitNumbers(ThreeSmallMethodsTest.java:75)
]]></failure>
  </testcase>
</testsuite>